<?xml version="1.0" encoding="UTF-8"?>
<testsuite xmlns:xsi="http://www.w3.org/2001/XMLSchema-instance" xsi:noNamespaceSchemaLocation="https://maven.apache.org/surefire/maven-surefire-plugin/xsd/surefire-test-report.xsd" name="com.examples.spring.webflux.service.EmployeeServiceImplTests" time="0.883" tests="3" errors="0" skipped="0" failures="0">
  <properties>
[...]
</properties>
  <testcase name="givenEmployeeId_whenGetEmployee_thenMatchEmployee" classname="com.examples.spring.webflux.service.EmployeeServiceImplTests" time="0.542"/>
  <testcase name="testGetEmployees" classname="com.examples.spring.webflux.service.EmployeeServiceImplTests" time="0.28"/>
  <testcase name="givenEmployee_whenCreateEmployee_thenReturnCreatedEmployee" classname="com.examples.spring.webflux.service.EmployeeServiceImplTests" time="0.008"/>
</testsuite>